Build started 9/14/2015 7:31:06 PM.
     1>Project "C:\GOOGLE DRIVE\SCHOOL\LONESTAR\PROGRAMMING FUNDAMENTALS I 1336\LABS\LAB 2\PROJECTS\Task3 Circle\Circle\Circle.vcxproj" on node 2 (Build target(s)).
     1>ClCompile:
         C:\Program Files (x86)\Microsoft Visual Studio 11.0\VC\bin\CL.exe /c /ZI /nologo /W3 /WX- /Od /Oy- /D _MBCS /Gm /EHsc /RTC1 /MDd /GS /fp:precise /Zc:wchar_t /Zc:forScope /Fo"Debug\\" /Fd"Debug\vc110.pdb" /Gd /TP /analyze- /errorReport:prompt Source.cpp
         Source.cpp
     1>c:\google drive\school\lonestar\programming fundamentals i 1336\labs\lab 2\projects\task3 circle\circle\source.cpp(18): error C2784: 'std::basic_ostream<_Elem,_Traits> &std::operator <<(std::basic_ostream<_Elem,_Traits> &,const std::error_code &)' : could not deduce template argument for 'std::basic_ostream<_Elem,_Traits> &' from 'std::istream'
                 c:\program files (x86)\microsoft visual studio 11.0\vc\include\ostream(1101) : see declaration of 'std::operator <<'
                 c:\program files (x86)\microsoft visual studio 11.0\vc\include\ostream(1101) : see declaration of 'std::operator <<'
                 c:\program files (x86)\microsoft visual studio 11.0\vc\include\ostream(1101) : see declaration of 'std::operator <<'
                 c:\program files (x86)\microsoft visual studio 11.0\vc\include\ostream(1101) : see declaration of 'std::operator <<'
     1>c:\google drive\school\lonestar\programming fundamentals i 1336\labs\lab 2\projects\task3 circle\circle\source.cpp(18): error C2784: 'std::basic_ostream<_Elem,_Traits> &std::operator <<(std::basic_ostream<_Elem,_Traits> &&,const _Ty &)' : could not deduce template argument for 'std::basic_ostream<_Elem,_Traits> &&' from 'std::istream'
                 c:\program files (x86)\microsoft visual studio 11.0\vc\include\ostream(984) : see declaration of 'std::operator <<'
                 c:\program files (x86)\microsoft visual studio 11.0\vc\include\ostream(984) : see declaration of 'std::operator <<'
                 c:\program files (x86)\microsoft visual studio 11.0\vc\include\ostream(984) : see declaration of 'std::operator <<'
                 c:\program files (x86)\microsoft visual studio 11.0\vc\include\ostream(984) : see declaration of 'std::operator <<'
     1>c:\google drive\school\lonestar\programming fundamentals i 1336\labs\lab 2\projects\task3 circle\circle\source.cpp(18): error C2784: 'std::basic_ostream<char,_Traits> &std::operator <<(std::basic_ostream<char,_Traits> &,unsigned char)' : could not deduce template argument for 'std::basic_ostream<char,_Traits> &' from 'std::istream'
                 c:\program files (x86)\microsoft visual studio 11.0\vc\include\ostream(974) : see declaration of 'std::operator <<'
                 c:\program files (x86)\microsoft visual studio 11.0\vc\include\ostream(974) : see declaration of 'std::operator <<'
                 c:\program files (x86)\microsoft visual studio 11.0\vc\include\ostream(974) : see declaration of 'std::operator <<'
                 c:\program files (x86)\microsoft visual studio 11.0\vc\include\ostream(974) : see declaration of 'std::operator <<'
     1>c:\google drive\school\lonestar\programming fundamentals i 1336\labs\lab 2\projects\task3 circle\circle\source.cpp(18): error C2784: 'std::basic_ostream<char,_Traits> &std::operator <<(std::basic_ostream<char,_Traits> &,const unsigned char *)' : could not deduce template argument for 'std::basic_ostream<char,_Traits> &' from 'std::istream'
                 c:\program files (x86)\microsoft visual studio 11.0\vc\include\ostream(967) : see declaration of 'std::operator <<'
                 c:\program files (x86)\microsoft visual studio 11.0\vc\include\ostream(967) : see declaration of 'std::operator <<'
                 c:\program files (x86)\microsoft visual studio 11.0\vc\include\ostream(967) : see declaration of 'std::operator <<'
                 c:\program files (x86)\microsoft visual studio 11.0\vc\include\ostream(967) : see declaration of 'std::operator <<'
     1>c:\google drive\school\lonestar\programming fundamentals i 1336\labs\lab 2\projects\task3 circle\circle\source.cpp(18): error C2784: 'std::basic_ostream<char,_Traits> &std::operator <<(std::basic_ostream<char,_Traits> &,signed char)' : could not deduce template argument for 'std::basic_ostream<char,_Traits> &' from 'std::istream'
                 c:\program files (x86)\microsoft visual studio 11.0\vc\include\ostream(960) : see declaration of 'std::operator <<'
                 c:\program files (x86)\microsoft visual studio 11.0\vc\include\ostream(960) : see declaration of 'std::operator <<'
                 c:\program files (x86)\microsoft visual studio 11.0\vc\include\ostream(960) : see declaration of 'std::operator <<'
                 c:\program files (x86)\microsoft visual studio 11.0\vc\include\ostream(960) : see declaration of 'std::operator <<'
     1>c:\google drive\school\lonestar\programming fundamentals i 1336\labs\lab 2\projects\task3 circle\circle\source.cpp(18): error C2784: 'std::basic_ostream<char,_Traits> &std::operator <<(std::basic_ostream<char,_Traits> &,const signed char *)' : could not deduce template argument for 'std::basic_ostream<char,_Traits> &' from 'std::istream'
                 c:\program files (x86)\microsoft visual studio 11.0\vc\include\ostream(953) : see declaration of 'std::operator <<'
                 c:\program files (x86)\microsoft visual studio 11.0\vc\include\ostream(953) : see declaration of 'std::operator <<'
                 c:\program files (x86)\microsoft visual studio 11.0\vc\include\ostream(953) : see declaration of 'std::operator <<'
                 c:\program files (x86)\microsoft visual studio 11.0\vc\include\ostream(953) : see declaration of 'std::operator <<'
     1>c:\google drive\school\lonestar\programming fundamentals i 1336\labs\lab 2\projects\task3 circle\circle\source.cpp(18): error C2784: 'std::basic_ostream<_Elem,_Traits> &std::operator <<(std::basic_ostream<_Elem,_Traits> &,_Elem)' : could not deduce template argument for 'std::basic_ostream<_Elem,_Traits> &' from 'std::istream'
                 c:\program files (x86)\microsoft visual studio 11.0\vc\include\ostream(914) : see declaration of 'std::operator <<'
                 c:\program files (x86)\microsoft visual studio 11.0\vc\include\ostream(914) : see declaration of 'std::operator <<'
                 c:\program files (x86)\microsoft visual studio 11.0\vc\include\ostream(914) : see declaration of 'std::operator <<'
                 c:\program files (x86)\microsoft visual studio 11.0\vc\include\ostream(914) : see declaration of 'std::operator <<'
     1>c:\google drive\school\lonestar\programming fundamentals i 1336\labs\lab 2\projects\task3 circle\circle\source.cpp(18): error C2784: 'std::basic_ostream<_Elem,_Traits> &std::operator <<(std::basic_ostream<_Elem,_Traits> &,const _Elem *)' : could not deduce template argument for 'std::basic_ostream<_Elem,_Traits> &' from 'std::istream'
                 c:\program files (x86)\microsoft visual studio 11.0\vc\include\ostream(867) : see declaration of 'std::operator <<'
                 c:\program files (x86)\microsoft visual studio 11.0\vc\include\ostream(867) : see declaration of 'std::operator <<'
                 c:\program files (x86)\microsoft visual studio 11.0\vc\include\ostream(867) : see declaration of 'std::operator <<'
                 c:\program files (x86)\microsoft visual studio 11.0\vc\include\ostream(867) : see declaration of 'std::operator <<'
     1>c:\google drive\school\lonestar\programming fundamentals i 1336\labs\lab 2\projects\task3 circle\circle\source.cpp(18): error C2784: 'std::basic_ostream<char,_Traits> &std::operator <<(std::basic_ostream<char,_Traits> &,char)' : could not deduce template argument for 'std::basic_ostream<char,_Traits> &' from 'std::istream'
                 c:\program files (x86)\microsoft visual studio 11.0\vc\include\ostream(827) : see declaration of 'std::operator <<'
                 c:\program files (x86)\microsoft visual studio 11.0\vc\include\ostream(827) : see declaration of 'std::operator <<'
                 c:\program files (x86)\microsoft visual studio 11.0\vc\include\ostream(827) : see declaration of 'std::operator <<'
                 c:\program files (x86)\microsoft visual studio 11.0\vc\include\ostream(827) : see declaration of 'std::operator <<'
     1>c:\google drive\school\lonestar\programming fundamentals i 1336\labs\lab 2\projects\task3 circle\circle\source.cpp(18): error C2784: 'std::basic_ostream<char,_Traits> &std::operator <<(std::basic_ostream<char,_Traits> &,const char *)' : could not deduce template argument for 'std::basic_ostream<char,_Traits> &' from 'std::istream'
                 c:\program files (x86)\microsoft visual studio 11.0\vc\include\ostream(780) : see declaration of 'std::operator <<'
                 c:\program files (x86)\microsoft visual studio 11.0\vc\include\ostream(780) : see declaration of 'std::operator <<'
                 c:\program files (x86)\microsoft visual studio 11.0\vc\include\ostream(780) : see declaration of 'std::operator <<'
                 c:\program files (x86)\microsoft visual studio 11.0\vc\include\ostream(780) : see declaration of 'std::operator <<'
     1>c:\google drive\school\lonestar\programming fundamentals i 1336\labs\lab 2\projects\task3 circle\circle\source.cpp(18): error C2784: 'std::basic_ostream<_Elem,_Traits> &std::operator <<(std::basic_ostream<_Elem,_Traits> &,char)' : could not deduce template argument for 'std::basic_ostream<_Elem,_Traits> &' from 'std::istream'
                 c:\program files (x86)\microsoft visual studio 11.0\vc\include\ostream(742) : see declaration of 'std::operator <<'
                 c:\program files (x86)\microsoft visual studio 11.0\vc\include\ostream(742) : see declaration of 'std::operator <<'
                 c:\program files (x86)\microsoft visual studio 11.0\vc\include\ostream(742) : see declaration of 'std::operator <<'
                 c:\program files (x86)\microsoft visual studio 11.0\vc\include\ostream(742) : see declaration of 'std::operator <<'
     1>c:\google drive\school\lonestar\programming fundamentals i 1336\labs\lab 2\projects\task3 circle\circle\source.cpp(18): error C2784: 'std::basic_ostream<_Elem,_Traits> &std::operator <<(std::basic_ostream<_Elem,_Traits> &,const char *)' : could not deduce template argument for 'std::basic_ostream<_Elem,_Traits> &' from 'std::istream'
                 c:\program files (x86)\microsoft visual studio 11.0\vc\include\ostream(695) : see declaration of 'std::operator <<'
                 c:\program files (x86)\microsoft visual studio 11.0\vc\include\ostream(695) : see declaration of 'std::operator <<'
                 c:\program files (x86)\microsoft visual studio 11.0\vc\include\ostream(695) : see declaration of 'std::operator <<'
                 c:\program files (x86)\microsoft visual studio 11.0\vc\include\ostream(695) : see declaration of 'std::operator <<'
     1>c:\google drive\school\lonestar\programming fundamentals i 1336\labs\lab 2\projects\task3 circle\circle\source.cpp(18): error C2676: binary '<<' : 'std::istream' does not define this operator or a conversion to a type acceptable to the predefined operator
     1>Done Building Project "C:\GOOGLE DRIVE\SCHOOL\LONESTAR\PROGRAMMING FUNDAMENTALS I 1336\LABS\LAB 2\PROJECTS\Task3 Circle\Circle\Circle.vcxproj" (Build target(s)) -- FAILED.

Build FAILED.

Time Elapsed 00:00:00.99
