C:\GOOGLE DRIVE\SCHOOL\LONESTAR\PROGRAMMING FUNDAMENTALS I 1336\LABS\LAB 5\PROJECTS\TASK4 CHAPTER 4\TASK4 CHAPTER 4\DEBUG\SOURCE.OBJ
C:\GOOGLE DRIVE\SCHOOL\LONESTAR\PROGRAMMING FUNDAMENTALS I 1336\LABS\LAB 5\PROJECTS\TASK4 CHAPTER 4\TASK4 CHAPTER 4\DEBUG\VC110.PDB
C:\GOOGLE DRIVE\SCHOOL\LONESTAR\PROGRAMMING FUNDAMENTALS I 1336\LABS\LAB 5\PROJECTS\TASK4 CHAPTER 4\DEBUG\TASK4 CHAPTER 4.ILK
C:\GOOGLE DRIVE\SCHOOL\LONESTAR\PROGRAMMING FUNDAMENTALS I 1336\LABS\LAB 5\PROJECTS\TASK4 CHAPTER 4\DEBUG\TASK4 CHAPTER 4.EXE
C:\GOOGLE DRIVE\SCHOOL\LONESTAR\PROGRAMMING FUNDAMENTALS I 1336\LABS\LAB 5\PROJECTS\TASK4 CHAPTER 4\DEBUG\TASK4 CHAPTER 4.PDB
C:\GOOGLE DRIVE\SCHOOL\LONESTAR\PROGRAMMING FUNDAMENTALS I 1336\LABS\LAB 5\PROJECTS\Task4 Chapter 4\Task4 Chapter 4\Debug\Source.obj
C:\GOOGLE DRIVE\SCHOOL\LONESTAR\PROGRAMMING FUNDAMENTALS I 1336\LABS\LAB 5\PROJECTS\Task4 Chapter 4\Task4 Chapter 4\Debug\cl.command.1.tlog
C:\GOOGLE DRIVE\SCHOOL\LONESTAR\PROGRAMMING FUNDAMENTALS I 1336\LABS\LAB 5\PROJECTS\Task4 Chapter 4\Task4 Chapter 4\Debug\CL.read.1.tlog
C:\GOOGLE DRIVE\SCHOOL\LONESTAR\PROGRAMMING FUNDAMENTALS I 1336\LABS\LAB 5\PROJECTS\Task4 Chapter 4\Task4 Chapter 4\Debug\CL.write.1.tlog
C:\GOOGLE DRIVE\SCHOOL\LONESTAR\PROGRAMMING FUNDAMENTALS I 1336\LABS\LAB 5\PROJECTS\Task4 Chapter 4\Task4 Chapter 4\Debug\link-cvtres.read.1.tlog
C:\GOOGLE DRIVE\SCHOOL\LONESTAR\PROGRAMMING FUNDAMENTALS I 1336\LABS\LAB 5\PROJECTS\Task4 Chapter 4\Task4 Chapter 4\Debug\link-cvtres.write.1.tlog
C:\GOOGLE DRIVE\SCHOOL\LONESTAR\PROGRAMMING FUNDAMENTALS I 1336\LABS\LAB 5\PROJECTS\Task4 Chapter 4\Task4 Chapter 4\Debug\link-rc.read.1.tlog
C:\GOOGLE DRIVE\SCHOOL\LONESTAR\PROGRAMMING FUNDAMENTALS I 1336\LABS\LAB 5\PROJECTS\Task4 Chapter 4\Task4 Chapter 4\Debug\link-rc.write.1.tlog
C:\GOOGLE DRIVE\SCHOOL\LONESTAR\PROGRAMMING FUNDAMENTALS I 1336\LABS\LAB 5\PROJECTS\Task4 Chapter 4\Task4 Chapter 4\Debug\link.14324-cvtres.read.1.tlog
C:\GOOGLE DRIVE\SCHOOL\LONESTAR\PROGRAMMING FUNDAMENTALS I 1336\LABS\LAB 5\PROJECTS\Task4 Chapter 4\Task4 Chapter 4\Debug\link.14324-cvtres.write.1.tlog
C:\GOOGLE DRIVE\SCHOOL\LONESTAR\PROGRAMMING FUNDAMENTALS I 1336\LABS\LAB 5\PROJECTS\Task4 Chapter 4\Task4 Chapter 4\Debug\link.14324-rc.read.1.tlog
C:\GOOGLE DRIVE\SCHOOL\LONESTAR\PROGRAMMING FUNDAMENTALS I 1336\LABS\LAB 5\PROJECTS\Task4 Chapter 4\Task4 Chapter 4\Debug\link.14324-rc.write.1.tlog
C:\GOOGLE DRIVE\SCHOOL\LONESTAR\PROGRAMMING FUNDAMENTALS I 1336\LABS\LAB 5\PROJECTS\Task4 Chapter 4\Task4 Chapter 4\Debug\link.14324.read.1.tlog
C:\GOOGLE DRIVE\SCHOOL\LONESTAR\PROGRAMMING FUNDAMENTALS I 1336\LABS\LAB 5\PROJECTS\Task4 Chapter 4\Task4 Chapter 4\Debug\link.14324.write.1.tlog
C:\GOOGLE DRIVE\SCHOOL\LONESTAR\PROGRAMMING FUNDAMENTALS I 1336\LABS\LAB 5\PROJECTS\Task4 Chapter 4\Task4 Chapter 4\Debug\link.16280-cvtres.read.1.tlog
C:\GOOGLE DRIVE\SCHOOL\LONESTAR\PROGRAMMING FUNDAMENTALS I 1336\LABS\LAB 5\PROJECTS\Task4 Chapter 4\Task4 Chapter 4\Debug\link.16280-cvtres.write.1.tlog
C:\GOOGLE DRIVE\SCHOOL\LONESTAR\PROGRAMMING FUNDAMENTALS I 1336\LABS\LAB 5\PROJECTS\Task4 Chapter 4\Task4 Chapter 4\Debug\link.16280-rc.read.1.tlog
C:\GOOGLE DRIVE\SCHOOL\LONESTAR\PROGRAMMING FUNDAMENTALS I 1336\LABS\LAB 5\PROJECTS\Task4 Chapter 4\Task4 Chapter 4\Debug\link.16280-rc.write.1.tlog
C:\GOOGLE DRIVE\SCHOOL\LONESTAR\PROGRAMMING FUNDAMENTALS I 1336\LABS\LAB 5\PROJECTS\Task4 Chapter 4\Task4 Chapter 4\Debug\link.16280.read.1.tlog
C:\GOOGLE DRIVE\SCHOOL\LONESTAR\PROGRAMMING FUNDAMENTALS I 1336\LABS\LAB 5\PROJECTS\Task4 Chapter 4\Task4 Chapter 4\Debug\link.16280.write.1.tlog
C:\GOOGLE DRIVE\SCHOOL\LONESTAR\PROGRAMMING FUNDAMENTALS I 1336\LABS\LAB 5\PROJECTS\Task4 Chapter 4\Task4 Chapter 4\Debug\link.16288-cvtres.read.1.tlog
C:\GOOGLE DRIVE\SCHOOL\LONESTAR\PROGRAMMING FUNDAMENTALS I 1336\LABS\LAB 5\PROJECTS\Task4 Chapter 4\Task4 Chapter 4\Debug\link.16288-cvtres.write.1.tlog
C:\GOOGLE DRIVE\SCHOOL\LONESTAR\PROGRAMMING FUNDAMENTALS I 1336\LABS\LAB 5\PROJECTS\Task4 Chapter 4\Task4 Chapter 4\Debug\link.16288-rc.read.1.tlog
C:\GOOGLE DRIVE\SCHOOL\LONESTAR\PROGRAMMING FUNDAMENTALS I 1336\LABS\LAB 5\PROJECTS\Task4 Chapter 4\Task4 Chapter 4\Debug\link.16288-rc.write.1.tlog
C:\GOOGLE DRIVE\SCHOOL\LONESTAR\PROGRAMMING FUNDAMENTALS I 1336\LABS\LAB 5\PROJECTS\Task4 Chapter 4\Task4 Chapter 4\Debug\link.16288.read.1.tlog
C:\GOOGLE DRIVE\SCHOOL\LONESTAR\PROGRAMMING FUNDAMENTALS I 1336\LABS\LAB 5\PROJECTS\Task4 Chapter 4\Task4 Chapter 4\Debug\link.16288.write.1.tlog
C:\GOOGLE DRIVE\SCHOOL\LONESTAR\PROGRAMMING FUNDAMENTALS I 1336\LABS\LAB 5\PROJECTS\Task4 Chapter 4\Task4 Chapter 4\Debug\link.16544-cvtres.read.1.tlog
C:\GOOGLE DRIVE\SCHOOL\LONESTAR\PROGRAMMING FUNDAMENTALS I 1336\LABS\LAB 5\PROJECTS\Task4 Chapter 4\Task4 Chapter 4\Debug\link.16544-cvtres.write.1.tlog
C:\GOOGLE DRIVE\SCHOOL\LONESTAR\PROGRAMMING FUNDAMENTALS I 1336\LABS\LAB 5\PROJECTS\Task4 Chapter 4\Task4 Chapter 4\Debug\link.16544-rc.read.1.tlog
C:\GOOGLE DRIVE\SCHOOL\LONESTAR\PROGRAMMING FUNDAMENTALS I 1336\LABS\LAB 5\PROJECTS\Task4 Chapter 4\Task4 Chapter 4\Debug\link.16544-rc.write.1.tlog
C:\GOOGLE DRIVE\SCHOOL\LONESTAR\PROGRAMMING FUNDAMENTALS I 1336\LABS\LAB 5\PROJECTS\Task4 Chapter 4\Task4 Chapter 4\Debug\link.16544.read.1.tlog
C:\GOOGLE DRIVE\SCHOOL\LONESTAR\PROGRAMMING FUNDAMENTALS I 1336\LABS\LAB 5\PROJECTS\Task4 Chapter 4\Task4 Chapter 4\Debug\link.16544.write.1.tlog
C:\GOOGLE DRIVE\SCHOOL\LONESTAR\PROGRAMMING FUNDAMENTALS I 1336\LABS\LAB 5\PROJECTS\Task4 Chapter 4\Task4 Chapter 4\Debug\link.19180-cvtres.read.1.tlog
C:\GOOGLE DRIVE\SCHOOL\LONESTAR\PROGRAMMING FUNDAMENTALS I 1336\LABS\LAB 5\PROJECTS\Task4 Chapter 4\Task4 Chapter 4\Debug\link.19180-cvtres.write.1.tlog
C:\GOOGLE DRIVE\SCHOOL\LONESTAR\PROGRAMMING FUNDAMENTALS I 1336\LABS\LAB 5\PROJECTS\Task4 Chapter 4\Task4 Chapter 4\Debug\link.19180-rc.read.1.tlog
C:\GOOGLE DRIVE\SCHOOL\LONESTAR\PROGRAMMING FUNDAMENTALS I 1336\LABS\LAB 5\PROJECTS\Task4 Chapter 4\Task4 Chapter 4\Debug\link.19180-rc.write.1.tlog
C:\GOOGLE DRIVE\SCHOOL\LONESTAR\PROGRAMMING FUNDAMENTALS I 1336\LABS\LAB 5\PROJECTS\Task4 Chapter 4\Task4 Chapter 4\Debug\link.19180.read.1.tlog
C:\GOOGLE DRIVE\SCHOOL\LONESTAR\PROGRAMMING FUNDAMENTALS I 1336\LABS\LAB 5\PROJECTS\Task4 Chapter 4\Task4 Chapter 4\Debug\link.19180.write.1.tlog
C:\GOOGLE DRIVE\SCHOOL\LONESTAR\PROGRAMMING FUNDAMENTALS I 1336\LABS\LAB 5\PROJECTS\Task4 Chapter 4\Task4 Chapter 4\Debug\link.20300-cvtres.read.1.tlog
C:\GOOGLE DRIVE\SCHOOL\LONESTAR\PROGRAMMING FUNDAMENTALS I 1336\LABS\LAB 5\PROJECTS\Task4 Chapter 4\Task4 Chapter 4\Debug\link.20300-cvtres.write.1.tlog
C:\GOOGLE DRIVE\SCHOOL\LONESTAR\PROGRAMMING FUNDAMENTALS I 1336\LABS\LAB 5\PROJECTS\Task4 Chapter 4\Task4 Chapter 4\Debug\link.20300-rc.read.1.tlog
C:\GOOGLE DRIVE\SCHOOL\LONESTAR\PROGRAMMING FUNDAMENTALS I 1336\LABS\LAB 5\PROJECTS\Task4 Chapter 4\Task4 Chapter 4\Debug\link.20300-rc.write.1.tlog
C:\GOOGLE DRIVE\SCHOOL\LONESTAR\PROGRAMMING FUNDAMENTALS I 1336\LABS\LAB 5\PROJECTS\Task4 Chapter 4\Task4 Chapter 4\Debug\link.20300.read.1.tlog
C:\GOOGLE DRIVE\SCHOOL\LONESTAR\PROGRAMMING FUNDAMENTALS I 1336\LABS\LAB 5\PROJECTS\Task4 Chapter 4\Task4 Chapter 4\Debug\link.20300.write.1.tlog
C:\GOOGLE DRIVE\SCHOOL\LONESTAR\PROGRAMMING FUNDAMENTALS I 1336\LABS\LAB 5\PROJECTS\Task4 Chapter 4\Task4 Chapter 4\Debug\link.22140-cvtres.read.1.tlog
C:\GOOGLE DRIVE\SCHOOL\LONESTAR\PROGRAMMING FUNDAMENTALS I 1336\LABS\LAB 5\PROJECTS\Task4 Chapter 4\Task4 Chapter 4\Debug\link.22140-cvtres.write.1.tlog
C:\GOOGLE DRIVE\SCHOOL\LONESTAR\PROGRAMMING FUNDAMENTALS I 1336\LABS\LAB 5\PROJECTS\Task4 Chapter 4\Task4 Chapter 4\Debug\link.22140-rc.read.1.tlog
C:\GOOGLE DRIVE\SCHOOL\LONESTAR\PROGRAMMING FUNDAMENTALS I 1336\LABS\LAB 5\PROJECTS\Task4 Chapter 4\Task4 Chapter 4\Debug\link.22140-rc.write.1.tlog
C:\GOOGLE DRIVE\SCHOOL\LONESTAR\PROGRAMMING FUNDAMENTALS I 1336\LABS\LAB 5\PROJECTS\Task4 Chapter 4\Task4 Chapter 4\Debug\link.22140.read.1.tlog
C:\GOOGLE DRIVE\SCHOOL\LONESTAR\PROGRAMMING FUNDAMENTALS I 1336\LABS\LAB 5\PROJECTS\Task4 Chapter 4\Task4 Chapter 4\Debug\link.22140.write.1.tlog
C:\GOOGLE DRIVE\SCHOOL\LONESTAR\PROGRAMMING FUNDAMENTALS I 1336\LABS\LAB 5\PROJECTS\Task4 Chapter 4\Task4 Chapter 4\Debug\link.22328-cvtres.read.1.tlog
C:\GOOGLE DRIVE\SCHOOL\LONESTAR\PROGRAMMING FUNDAMENTALS I 1336\LABS\LAB 5\PROJECTS\Task4 Chapter 4\Task4 Chapter 4\Debug\link.22328-cvtres.write.1.tlog
C:\GOOGLE DRIVE\SCHOOL\LONESTAR\PROGRAMMING FUNDAMENTALS I 1336\LABS\LAB 5\PROJECTS\Task4 Chapter 4\Task4 Chapter 4\Debug\link.22328-rc.read.1.tlog
C:\GOOGLE DRIVE\SCHOOL\LONESTAR\PROGRAMMING FUNDAMENTALS I 1336\LABS\LAB 5\PROJECTS\Task4 Chapter 4\Task4 Chapter 4\Debug\link.22328-rc.write.1.tlog
C:\GOOGLE DRIVE\SCHOOL\LONESTAR\PROGRAMMING FUNDAMENTALS I 1336\LABS\LAB 5\PROJECTS\Task4 Chapter 4\Task4 Chapter 4\Debug\link.22328.read.1.tlog
C:\GOOGLE DRIVE\SCHOOL\LONESTAR\PROGRAMMING FUNDAMENTALS I 1336\LABS\LAB 5\PROJECTS\Task4 Chapter 4\Task4 Chapter 4\Debug\link.22328.write.1.tlog
C:\GOOGLE DRIVE\SCHOOL\LONESTAR\PROGRAMMING FUNDAMENTALS I 1336\LABS\LAB 5\PROJECTS\Task4 Chapter 4\Task4 Chapter 4\Debug\link.2588-cvtres.read.1.tlog
C:\GOOGLE DRIVE\SCHOOL\LONESTAR\PROGRAMMING FUNDAMENTALS I 1336\LABS\LAB 5\PROJECTS\Task4 Chapter 4\Task4 Chapter 4\Debug\link.2588-cvtres.write.1.tlog
C:\GOOGLE DRIVE\SCHOOL\LONESTAR\PROGRAMMING FUNDAMENTALS I 1336\LABS\LAB 5\PROJECTS\Task4 Chapter 4\Task4 Chapter 4\Debug\link.2588-rc.read.1.tlog
C:\GOOGLE DRIVE\SCHOOL\LONESTAR\PROGRAMMING FUNDAMENTALS I 1336\LABS\LAB 5\PROJECTS\Task4 Chapter 4\Task4 Chapter 4\Debug\link.2588-rc.write.1.tlog
C:\GOOGLE DRIVE\SCHOOL\LONESTAR\PROGRAMMING FUNDAMENTALS I 1336\LABS\LAB 5\PROJECTS\Task4 Chapter 4\Task4 Chapter 4\Debug\link.2588.read.1.tlog
C:\GOOGLE DRIVE\SCHOOL\LONESTAR\PROGRAMMING FUNDAMENTALS I 1336\LABS\LAB 5\PROJECTS\Task4 Chapter 4\Task4 Chapter 4\Debug\link.2588.write.1.tlog
C:\GOOGLE DRIVE\SCHOOL\LONESTAR\PROGRAMMING FUNDAMENTALS I 1336\LABS\LAB 5\PROJECTS\Task4 Chapter 4\Task4 Chapter 4\Debug\link.command.1.tlog
C:\GOOGLE DRIVE\SCHOOL\LONESTAR\PROGRAMMING FUNDAMENTALS I 1336\LABS\LAB 5\PROJECTS\Task4 Chapter 4\Task4 Chapter 4\Debug\link.read.1.tlog
C:\GOOGLE DRIVE\SCHOOL\LONESTAR\PROGRAMMING FUNDAMENTALS I 1336\LABS\LAB 5\PROJECTS\Task4 Chapter 4\Task4 Chapter 4\Debug\link.write.1.tlog
C:\GOOGLE DRIVE\SCHOOL\LONESTAR\PROGRAMMING FUNDAMENTALS I 1336\LABS\LAB 5\PROJECTS\Task4 Chapter 4\Task4 Chapter 4\Debug\vc110.idb
C:\GOOGLE DRIVE\SCHOOL\LONESTAR\PROGRAMMING FUNDAMENTALS I 1336\LABS\LAB 5\PROJECTS\Task4 Chapter 4\Task4 Chapter 4\Debug\vc110.pdb
C:\GOOGLE DRIVE\SCHOOL\LONESTAR\PROGRAMMING FUNDAMENTALS I 1336\LABS\LAB 5\PROJECTS\Task4 Chapter 4\Debug\Task4 Chapter 4.pdb
C:\GOOGLE DRIVE\SCHOOL\LONESTAR\PROGRAMMING FUNDAMENTALS I 1336\LABS\LAB 5\PROJECTS\Task4 Chapter 4\Debug\Task4 Chapter 4.exe
C:\GOOGLE DRIVE\SCHOOL\LONESTAR\PROGRAMMING FUNDAMENTALS I 1336\LABS\LAB 5\PROJECTS\Task4 Chapter 4\Debug\Task4 Chapter 4.ilk
